
  Loading validation data (500 examples, seq_len=4096)...

==========================================================================================
 CWT v5.5: ARCHITECTURAL ABLATION SUITE
 Log file: logs/ablation_20260414_123726.log
 Checkpoint: checkpoints/step_8000.pt
 Device: cuda | Batch: 2 | Eval steps: 30 | Examples: 116
 Epistemic signals: hub deltas
 Started: 2026-04-14 12:37:27
==========================================================================================

--- Baseline ---
  loss=3.5548  ppl=33.63  layers=18.0

--- Dead Gates ---
  loss=3.8116  ppl=43.30  layers=18.0

--- Max Amnesia ---
  loss=6.7255  ppl=715.11  layers=18.0

--- Zero Spokes ---
  loss=3.9666  ppl=50.80  layers=18.0

--- Shuffle Spokes ---
  loss=3.6951  ppl=38.72  layers=18.0

--- Zero Billboards ---
  loss=4.2975  ppl=70.92  layers=18.0

--- Shuffle Billboards ---
  loss=4.4391  ppl=81.53  layers=18.0

--- Zero Hub Shared ---
  loss=7.4017  ppl=1560.70  layers=16.0

--- Zero Tags ---
  loss=6.6375  ppl=725.85  layers=15.9

--- Shuffle Tags ---
  loss=4.5532  ppl=90.92  layers=18.0

--- Kill System 2 ---
  loss=3.9830  ppl=44.60  layers=18.0

--- Noise Hub ---
  loss=5.9023  ppl=353.12  layers=18.0

--- Epistemic Gate ---
  loss=3.5552  ppl=33.65  layers=18.0

--- Kill Pondering ---
  loss=3.7561  ppl=40.94  layers=8.0  ponder=0.00

--- Max Pondering ---
  loss=3.7427  ppl=39.89  layers=18.0  ponder=5.00

--- Instant Halt ---
  loss=3.7614  ppl=40.94  layers=8.0  ponder=0.00

--- Random Halt ---
  loss=3.7350  ppl=40.07  layers=18.0  ponder=5.00

--- Effort: Low ---
  loss=3.6918  ppl=38.34  layers=10.0  ponder=1.00

--- Effort: Medium ---
  loss=3.6315  ppl=36.12  layers=12.0  ponder=2.00

--- Zero Dashboard ---
  loss=3.5552  ppl=33.64  layers=18.0

--- Inverted Epistemic Gate ---
  loss=3.6187  ppl=35.85  layers=18.0

--- Constant Gate (0.5) ---
  loss=3.5552  ppl=33.65  layers=18.0

--- No Early Exit ---
  loss=3.5548  ppl=33.63  layers=18.0

--- Distill Error (per-layer) ---
  Per-layer hub self-distillation MSE:
    L0   [S1]   0.3744  ████████████████████████████████████████
    L1   [S1]   0.2647  ████████████████████████████
    L2   [S1]   0.2100  ██████████████████████
    L3   [S1]   0.1569  ████████████████
    L4   [S1]   0.1001  ██████████
    L5   [S1]   0.0498  █████
    L6   [S2]   0.0211  ██
    L7   [S2]   0.0000  █
  Average MSE: 0.1471

--- Random Hub Distill Weights ---
  loss=3.5548  ppl=33.63  layers=18.0

--- Collapse Noise ---
  loss=3.6354  ppl=36.45  layers=18.0

--- Hub Writes x2 ---
  loss=4.1181  ppl=59.05  layers=18.0

--- Hub Writes x0.5 ---
  loss=3.8233  ppl=44.00  layers=18.0

--- Freeze Hub During S2 ---
  loss=3.8359  ppl=44.45  layers=18.0

--- S2 Reads S1 Hub Only ---
  loss=3.8359  ppl=44.45  layers=18.0

--- No Soft Ponder Lock ---
  loss=3.6888  ppl=38.42  layers=18.0

--- Zero Convergence Head ---
  loss=3.5570  ppl=33.63  layers=18.0  ponder=5.00

--- Random Convergence Head ---
  loss=3.6191  ppl=33.63  layers=18.0  ponder=5.00

--- Conv-Delta Correlation ---
  Pearson correlation: 0.7221  (n=240 layer-steps)
  Predicted delta mean: 3.5702
  Actual delta mean: 3.9619
  Distillation quality: excellent

--- Zero Designator Signature ---
  loss=4.3153  ppl=71.89  layers=18.0

--- Scrambled Layer Identity ---
  loss=3.5807  ppl=34.51  layers=18.0

--- Skip Decoder FFN ---
  loss=4.9035  ppl=129.57  layers=18.0

--- Skip Decoder FFN-2 Only ---
  loss=3.8030  ppl=43.11  layers=18.0

--- Ponder Distribution ---
  Halt probability distribution:
    step 0        0.255  ██████████
    step 1        0.168  ██████
    step 2        0.123  ████
    step 3        0.095  ███
    step 4        0.074  ██
    remainder     0.285  ███████████
  Expected steps: 2.42
  Distribution entropy: 1.680

==========================================================================================
 ABLATION SUMMARY
==========================================================================================
  Test                                       PPL    dPPL      d%    Loss  Layers
------------------------------------------------------------------------------------------
  Baseline                                 33.63   +0.00   +0.0%   3.555    18.0 <- baseline
  Dead Gates (no forgetting)               43.30   +9.66  +28.7%   3.812    18.0
  Max Amnesia (erase all)                 715.11 +681.47 +2026.2%   6.725    18.0
  Zero Spokes                              50.80  +17.17  +51.1%   3.967    18.0
  Shuffle Spokes                           38.72   +5.09  +15.1%   3.695    18.0
  Zero Billboards                          70.92  +37.29 +110.9%   4.298    18.0
  Shuffle Billboards                       81.53  +47.89 +142.4%   4.439    18.0
  Zero Hub Shared                        1560.70 +1527.06 +4540.4%   7.402    16.0
  Zero Tags                               725.85 +692.22 +2058.2%   6.637    15.9
  Shuffle Tags                             90.92  +57.29 +170.3%   4.553    18.0
  Kill System 2                            44.60  +10.96  +32.6%   3.983    18.0
  Noise Hub (0.5σ)                        353.12 +319.49 +949.9%   5.902    18.0
  Blind Epistemic Gate                     33.65   +0.01   +0.0%   3.555    18.0
  Kill Pondering (single S2)               40.94   +7.31  +21.7%   3.756     8.0
  Max Pondering (never halt)               39.89   +6.25  +18.6%   3.743    18.0
  Instant Halt (always stop)               40.94   +7.31  +21.7%   3.761     8.0
  Random Halt Head                         40.07   +6.44  +19.1%   3.735    18.0
  Effort: Low (max 1 step)                 38.34   +4.71  +14.0%   3.692    10.0
  Effort: Medium (max 2 steps)             36.12   +2.49   +7.4%   3.631    12.0
  Zero Dashboard → Gate                    33.64   +0.01   +0.0%   3.555    18.0
  Inverted Epistemic Gate                  35.85   +2.22   +6.6%   3.619    18.0
  Constant Gate (0.5)                      33.65   +0.01   +0.0%   3.555    18.0
  No Early Exit (all S1 layers)            33.63   +0.00   +0.0%   3.555    18.0
  Random Hub Distill Weights               33.63   +0.00   +0.0%   3.555    18.0
  Collapse Noise (0.3σ)                    36.45   +2.82   +8.4%   3.635    18.0
  Hub Writes x2                            59.05  +25.41  +75.6%   4.118    18.0
  Hub Writes x0.5                          44.00  +10.37  +30.8%   3.823    18.0
  Freeze Hub During S2                     44.45  +10.82  +32.2%   3.836    18.0
  S2 Reads S1 Hub Only                     44.45  +10.82  +32.2%   3.836    18.0
  No Soft Ponder Lock                      38.42   +4.78  +14.2%   3.689    18.0
  Zero Convergence Head                    33.63   +0.00   +0.0%   3.557    18.0
  Random Convergence Head                  33.63   +0.00   +0.0%   3.619    18.0
  Zero Designator Signature                71.89  +38.25 +113.7%   4.315    18.0
  Scrambled Layer Identity                 34.51   +0.87   +2.6%   3.581    18.0
  Skip Decoder FFN                        129.57  +95.94 +285.2%   4.904    18.0
  Skip Decoder FFN-2 Only                  43.11   +9.48  +28.2%   3.803    18.0
==========================================================================================

  Component importance (by perplexity impact):
    1. Zero Hub Shared                        +1527.06 PPL  ############################################################################################################################################################################################################################################################################################################################################################################################################################################################################################################################################################################################################################################################################################################################################################################################################################################################################################################################################################################################################################################################################################################################################################################################################################################################################################################################################################################################################################################################################################################################################################################################################################################################################################################################################################################################################################################################################################################################################################################################################################################################################################################################################################################################################################################################################################################################################################################################################################################################################################################################################################################################################################################################################################################################################################################################################################################################################################################################################################################################################################################################################################################################################################################################################################################################################################################################################################################################################################################################################################################################################################################################################################################################################################################################################################################################################################################################################################################################################################################################################################################################################################################################################################################################################################################################################################################################################################################################################################################################################################################################################################################################################################################################################################################################
    2. Zero Tags                              +692.22 PPL  ##########################################################################################################################################################################################################################################################################################################################################################################################################################################################################################################################################################################################################################################################################################################################################################################################################################################################################################################################################################################################################################################################################################################################################################################################################################################################################################################################################################################################################################################################################################################################################################################################################################################################################################################################################################################################################################################################################################################################################################################################################################################################################################################################################
    3. Max Amnesia (erase all)                +681.47 PPL  ##########################################################################################################################################################################################################################################################################################################################################################################################################################################################################################################################################################################################################################################################################################################################################################################################################################################################################################################################################################################################################################################################################################################################################################################################################################################################################################################################################################################################################################################################################################################################################################################################################################################################################################################################################################################################################################################################################################################################################################################################################################################################################################################
    4. Noise Hub (0.5σ)                       +319.49 PPL  #####################################################################################################################################################################################################################################################################################################################################################################################################################################################################################################################################################################################################################################################################################################################################################################################################################################################################################################################################################################################
    5. Skip Decoder FFN                       +95.94 PPL  #############################################################################################################################################################################################################################################################################################
    6. Shuffle Tags                           +57.29 PPL  ##########################################################################################################################################################################
    7. Shuffle Billboards                     +47.89 PPL  ##############################################################################################################################################
    8. Zero Designator Signature              +38.25 PPL  #################################################################################################################
    9. Zero Billboards                        +37.29 PPL  ##############################################################################################################
    10. Hub Writes x2                          +25.41 PPL  ###########################################################################
    11. Zero Spokes                            +17.17 PPL  ###################################################
    12. Kill System 2                          +10.96 PPL  ################################
    13. Freeze Hub During S2                   +10.82 PPL  ################################
    14. S2 Reads S1 Hub Only                   +10.82 PPL  ################################
    15. Hub Writes x0.5                        +10.37 PPL  ##############################
    16. Dead Gates (no forgetting)             +9.66 PPL  ############################
    17. Skip Decoder FFN-2 Only                +9.48 PPL  ############################
    18. Instant Halt (always stop)             +7.31 PPL  #####################
    19. Kill Pondering (single S2)             +7.31 PPL  #####################
    20. Random Halt Head                       +6.44 PPL  ###################
    21. Max Pondering (never halt)             +6.25 PPL  ##################
    22. Shuffle Spokes                         +5.09 PPL  ###############
    23. No Soft Ponder Lock                    +4.78 PPL  ##############
    24. Effort: Low (max 1 step)               +4.71 PPL  ##############
    25. Collapse Noise (0.3σ)                  +2.82 PPL  ########
    26. Effort: Medium (max 2 steps)           +2.49 PPL  #######
    27. Inverted Epistemic Gate                +2.22 PPL  ######
    28. Scrambled Layer Identity               +0.87 PPL  ##
    29. Blind Epistemic Gate                   +0.01 PPL  #
    30. Constant Gate (0.5)                    +0.01 PPL  #
    31. Zero Dashboard → Gate                  +0.01 PPL  #
    32. No Early Exit (all S1 layers)          +0.00 PPL  #
    33. Random Hub Distill Weights             +0.00 PPL  #
    34. Zero Convergence Head                  +0.00 PPL  #
    35. Random Convergence Head                +0.00 PPL  #

Completed: 2026-04-14 12:40:48
Log saved to: logs/ablation_20260414_123726.log
