  CWT v5.5 Configuration:
    Pondering: Adaptive (max 5)
    Probe: Shared Embedding, Stratified (last 5 + 1 random)
    Hub: 384 | Total d_s: 896
    Conv distill weight: 0.001
    CWT-MLA: d_kv_latent=128
Log file: logs/long_ctx_extrap_fixed.log
Checkpoint: checkpoints/step_20000.pt
Started: 2026-04-16 23:15:09

Loading checkpoint...
Loaded checkpoint 'checkpoints/step_20000.pt' (step 20000) — 57,762,754 params
  max_seq_len=4096  rope_theta=10000.0
Loading evaluation data...
Loading dataset: HuggingFaceFW/fineweb-edu (sample-10BT)
  Validation split: train[:5000]
  Concatenated 97 documents (352,343 chars)
  Tokenized: 76,413 tokens available, using 70,000
==========================================================================================
  LONG-CONTEXT EXTRAPOLATION EVALUATION
==========================================================================================
  Training context length: 4096
  Scoring tail: 2048 tokens per chunk
  Pondering: ON
  Evaluation tokens available: 70,000

  ──── Context Length: 4096 (1.00× training) ────
    Direct    : PPL    28.48  Δ=  +0.0%  (17 chunks, 1.5s) — No modification — pure extrapolation

  ──── Context Length: 5120 (1.25× training) ────
    Direct    : PPL    33.92  Δ= +19.1%  (13 chunks, 1.0s) — No modification — pure extrapolation
    Linear    : PPL    30.92  Δ=  +8.6%  (13 chunks, 1.0s) — Position compression — maps to training range
    NTK       : PPL    29.68  Δ=  +4.2%  (13 chunks, 1.0s) — Frequency scaling — preserves local patterns
    YaRN      : PPL    30.04  Δ=  +5.5%  (13 chunks, 1.0s) — YaRN frequency scaling — preserves high freq, interpolates low freq

  ──── Context Length: 6144 (1.50× training) ────
    Direct    : PPL   102.29  Δ=+259.2%  (11 chunks, 1.0s) — No modification — pure extrapolation
    Linear    : PPL    35.35  Δ= +24.1%  (11 chunks, 1.0s) — Position compression — maps to training range
    NTK       : PPL    28.69  Δ=  +0.7%  (11 chunks, 1.0s) — Frequency scaling — preserves local patterns
    YaRN      : PPL    29.77  Δ=  +4.5%  (11 chunks, 1.0s) — YaRN frequency scaling — preserves high freq, interpolates low freq

  ──── Context Length: 8192 (2.00× training) ────
    Direct    : PPL   905.60  Δ=+3079.6%  (8 chunks, 1.0s) — No modification — pure extrapolation
    Linear    : PPL    58.23  Δ=+104.5%  (8 chunks, 1.0s) — Position compression — maps to training range
    NTK       : PPL    31.29  Δ=  +9.9%  (8 chunks, 1.0s) — Frequency scaling — preserves local patterns
    YaRN      : PPL    34.43  Δ= +20.9%  (8 chunks, 1.0s) — YaRN frequency scaling — preserves high freq, interpolates low freq

  ──── Context Length: 12288 (3.00× training) ────
    Direct    : PPL  1103.51  Δ=+3774.4%  (5 chunks, 1.0s) — No modification — pure extrapolation
    Linear    : PPL   117.04  Δ=+310.9%  (5 chunks, 1.0s) — Position compression — maps to training range
    NTK       : PPL    42.12  Δ= +47.9%  (5 chunks, 1.0s) — Frequency scaling — preserves local patterns
    YaRN      : PPL    43.73  Δ= +53.6%  (5 chunks, 1.0s) — YaRN frequency scaling — preserves high freq, interpolates low freq

  ──── Context Length: 16384 (4.00× training) ────
    Direct    : PPL   960.24  Δ=+3271.4%  (4 chunks, 1.1s) — No modification — pure extrapolation
    Linear    : PPL   169.49  Δ=+495.1%  (4 chunks, 1.1s) — Position compression — maps to training range
    NTK       : PPL    90.72  Δ=+218.5%  (4 chunks, 1.1s) — Frequency scaling — preserves local patterns
    YaRN      : PPL    60.91  Δ=+113.9%  (4 chunks, 1.1s) — YaRN frequency scaling — preserves high freq, interpolates low freq

==========================================================================================
  SUMMARY: PPL by Context Length × RoPE Strategy
==========================================================================================
   Context  Scale        Direct        Linear           NTK          YaRN          Best
  -------- ------  ------------  ------------  ------------  ------------  ------------
      4096  1.00×    28.48  ref             —             —             —        Direct
      5120  1.25×    33.92 +19%    30.92  +9%    29.68  +4%    30.04  +5%           NTK
      6144  1.50×   102.29+259%    35.35 +24%    28.69  +1%    29.77  +5%           NTK
      8192  2.00×   905.60+3080%    58.23+104%    31.29 +10%    34.43 +21%           NTK
     12288  3.00×  1103.51+3774%   117.04+311%    42.12 +48%    43.73 +54%           NTK
     16384  4.00×   960.24+3271%   169.49+495%    90.72+219%    60.91+114%          YaRN

==========================================================================================
  DEGRADATION ANALYSIS
==========================================================================================

  Direct (No modification — pure extrapolation):
      4096 (1.0×): 1.000× baseline  ✓  [█████████████]
      5120 (1.2×): 1.191× baseline  ~  [███████████████]
      6144 (1.5×): 3.592× baseline  ✗  [████████████████████████████████████████]
      8192 (2.0×): 31.796× baseline  ✗  [████████████████████████████████████████]
     12288 (3.0×): 38.744× baseline  ✗  [████████████████████████████████████████]
     16384 (4.0×): 33.714× baseline  ✗  [████████████████████████████████████████]
    → Max usable context (<25% degradation): 5120 (1.2× training)

  Linear (Position compression — maps to training range):
      5120 (1.2×): 1.086× baseline  ✓  [██████████████]
      6144 (1.5×): 1.241× baseline  ~  [████████████████]
      8192 (2.0×): 2.045× baseline  ✗  [███████████████████████████]
     12288 (3.0×): 4.109× baseline  ✗  [████████████████████████████████████████]
     16384 (4.0×): 5.951× baseline  ✗  [████████████████████████████████████████]
    → Max usable context (<25% degradation): 6144 (1.5× training)

  NTK (Frequency scaling — preserves local patterns):
      5120 (1.2×): 1.042× baseline  ✓  [█████████████]
      6144 (1.5×): 1.007× baseline  ✓  [█████████████]
      8192 (2.0×): 1.099× baseline  ✓  [██████████████]
     12288 (3.0×): 1.479× baseline  ⚠  [███████████████████]
     16384 (4.0×): 3.185× baseline  ✗  [████████████████████████████████████████]
    → Max usable context (<25% degradation): 8192 (2.0× training)

  YaRN (YaRN frequency scaling — preserves high freq, interpolates low freq):
      5120 (1.2×): 1.055× baseline  ✓  [██████████████]
      6144 (1.5×): 1.045× baseline  ✓  [█████████████]
      8192 (2.0×): 1.209× baseline  ~  [████████████████]
     12288 (3.0×): 1.536× baseline  ✗  [████████████████████]
     16384 (4.0×): 2.139× baseline  ✗  [████████████████████████████]
    → Max usable context (<25% degradation): 8192 (2.0× training)

==========================================================================================
  INTERPRETATION
==========================================================================================

  At 2× training length (8192):
    Best strategy: NTK — PPL 31.29 (1.10× baseline)
    → EXCELLENT: <10% degradation at 2× context.
      Decay gates are successfully managing hub state at extrapolated lengths.
      The model can likely use 2× context for real tasks.

  RoPE Strategy Comparison at 8192:
    Direct: 905.60  — Raw extrapolation
    Linear: 58.23  — Position compression
    NTK:    31.29  — Frequency scaling
    YaRN:   34.43  — YaRN frequency scaling
    → NTK wins: frequency-based scaling preserves quality better.
      Standard result — most models prefer NTK over linear scaling.


  ═══ RE-RUNNING WITHOUT PONDERING ═══

==========================================================================================
  LONG-CONTEXT EXTRAPOLATION EVALUATION
==========================================================================================
  Training context length: 4096
  Scoring tail: 2048 tokens per chunk
  Pondering: OFF
  Evaluation tokens available: 70,000

  ──── Context Length: 4096 (1.00× training) ────
    Direct    : PPL    35.03  Δ=  +0.0%  (17 chunks, 0.6s) — No modification — pure extrapolation

  ──── Context Length: 5120 (1.25× training) ────
    Direct    : PPL    42.52  Δ= +21.4%  (13 chunks, 0.6s) — No modification — pure extrapolation
    Linear    : PPL    37.43  Δ=  +6.9%  (13 chunks, 0.6s) — Position compression — maps to training range
    NTK       : PPL    36.90  Δ=  +5.3%  (13 chunks, 0.6s) — Frequency scaling — preserves local patterns
    YaRN      : PPL    36.99  Δ=  +5.6%  (13 chunks, 0.6s) — YaRN frequency scaling — preserves high freq, interpolates low freq

  ──── Context Length: 6144 (1.50× training) ────
    Direct    : PPL   116.24  Δ=+231.9%  (11 chunks, 0.6s) — No modification — pure extrapolation
    Linear    : PPL    40.29  Δ= +15.0%  (11 chunks, 0.6s) — Position compression — maps to training range
    NTK       : PPL    35.91  Δ=  +2.5%  (11 chunks, 0.6s) — Frequency scaling — preserves local patterns
    YaRN      : PPL    36.37  Δ=  +3.8%  (11 chunks, 0.6s) — YaRN frequency scaling — preserves high freq, interpolates low freq

  ──── Context Length: 8192 (2.00× training) ────
    Direct    : PPL   912.70  Δ=+2505.8%  (8 chunks, 0.6s) — No modification — pure extrapolation
    Linear    : PPL    54.07  Δ= +54.4%  (8 chunks, 0.6s) — Position compression — maps to training range
    NTK       : PPL    39.48  Δ= +12.7%  (8 chunks, 0.6s) — Frequency scaling — preserves local patterns
    YaRN      : PPL    39.94  Δ= +14.0%  (8 chunks, 0.6s) — YaRN frequency scaling — preserves high freq, interpolates low freq

  ──── Context Length: 12288 (3.00× training) ────
    Direct    : PPL  1117.39  Δ=+3090.2%  (5 chunks, 0.5s) — No modification — pure extrapolation
    Linear    : PPL    79.44  Δ=+126.8%  (5 chunks, 0.5s) — Position compression — maps to training range
    NTK       : PPL    58.85  Δ= +68.0%  (5 chunks, 0.5s) — Frequency scaling — preserves local patterns
    YaRN      : PPL    47.73  Δ= +36.3%  (5 chunks, 0.5s) — YaRN frequency scaling — preserves high freq, interpolates low freq

  ──── Context Length: 16384 (4.00× training) ────
    Direct    : PPL   860.76  Δ=+2357.5%  (4 chunks, 0.6s) — No modification — pure extrapolation
    Linear    : PPL   116.49  Δ=+232.6%  (4 chunks, 0.6s) — Position compression — maps to training range
    NTK       : PPL   109.43  Δ=+212.4%  (4 chunks, 0.6s) — Frequency scaling — preserves local patterns
    YaRN      : PPL    64.08  Δ= +83.0%  (4 chunks, 0.6s) — YaRN frequency scaling — preserves high freq, interpolates low freq

==========================================================================================
  SUMMARY: PPL by Context Length × RoPE Strategy
==========================================================================================
   Context  Scale        Direct        Linear           NTK          YaRN          Best
  -------- ------  ------------  ------------  ------------  ------------  ------------
      4096  1.00×    35.03  ref             —             —             —        Direct
      5120  1.25×    42.52 +21%    37.43  +7%    36.90  +5%    36.99  +6%           NTK
      6144  1.50×   116.24+232%    40.29 +15%    35.91  +3%    36.37  +4%           NTK
      8192  2.00×   912.70+2506%    54.07 +54%    39.48 +13%    39.94 +14%           NTK
     12288  3.00×  1117.39+3090%    79.44+127%    58.85 +68%    47.73 +36%          YaRN
     16384  4.00×   860.76+2358%   116.49+233%   109.43+212%    64.08 +83%          YaRN

==========================================================================================
  DEGRADATION ANALYSIS
==========================================================================================

  Direct (No modification — pure extrapolation):
      4096 (1.0×): 1.000× baseline  ✓  [█████████████]
      5120 (1.2×): 1.214× baseline  ~  [████████████████]
      6144 (1.5×): 3.319× baseline  ✗  [████████████████████████████████████████]
      8192 (2.0×): 26.058× baseline  ✗  [████████████████████████████████████████]
     12288 (3.0×): 31.902× baseline  ✗  [████████████████████████████████████████]
     16384 (4.0×): 24.575× baseline  ✗  [████████████████████████████████████████]
    → Max usable context (<25% degradation): 5120 (1.2× training)

  Linear (Position compression — maps to training range):
      5120 (1.2×): 1.069× baseline  ✓  [██████████████]
      6144 (1.5×): 1.150× baseline  ~  [███████████████]
      8192 (2.0×): 1.544× baseline  ✗  [████████████████████]
     12288 (3.0×): 2.268× baseline  ✗  [██████████████████████████████]
     16384 (4.0×): 3.326× baseline  ✗  [████████████████████████████████████████]
    → Max usable context (<25% degradation): 6144 (1.5× training)

  NTK (Frequency scaling — preserves local patterns):
      5120 (1.2×): 1.053× baseline  ✓  [██████████████]
      6144 (1.5×): 1.025× baseline  ✓  [█████████████]
      8192 (2.0×): 1.127× baseline  ~  [███████████████]
     12288 (3.0×): 1.680× baseline  ✗  [██████████████████████]
     16384 (4.0×): 3.124× baseline  ✗  [████████████████████████████████████████]
    → Max usable context (<25% degradation): 8192 (2.0× training)

  YaRN (YaRN frequency scaling — preserves high freq, interpolates low freq):
      5120 (1.2×): 1.056× baseline  ✓  [██████████████]
      6144 (1.5×): 1.038× baseline  ✓  [█████████████]
      8192 (2.0×): 1.140× baseline  ~  [███████████████]
     12288 (3.0×): 1.363× baseline  ⚠  [██████████████████]
     16384 (4.0×): 1.830× baseline  ✗  [████████████████████████]
    → Max usable context (<25% degradation): 8192 (2.0× training)

==========================================================================================
  INTERPRETATION
==========================================================================================

  At 2× training length (8192):
    Best strategy: NTK — PPL 39.48 (1.13× baseline)
    → GOOD: <25% degradation at 2× context.
      Some extrapolation capability. Decay gates help but don't fully prevent
      distribution shift. Usable for applications where moderate quality loss is OK.

  RoPE Strategy Comparison at 8192:
    Direct: 912.70  — Raw extrapolation
    Linear: 54.07  — Position compression
    NTK:    39.48  — Frequency scaling
    YaRN:   39.94  — YaRN frequency scaling
    → NTK wins: frequency-based scaling preserves quality better.
      Standard result — most models prefer NTK over linear scaling.

==========================================================================================
  PONDERING BENEFIT vs CONTEXT LENGTH (per strategy)
==========================================================================================

  Strategy: Direct
   Context   Ponder ON  Ponder OFF   Benefit
  --------  ----------  ----------  --------
      4096       28.48       35.03     18.7%  (1.0×)
      5120       33.92       42.52     20.2%  (1.2×)
      6144      102.29      116.24     12.0%  (1.5×)
      8192      905.60      912.70      0.8%  (2.0×)
     12288     1103.51     1117.39      1.2%  (3.0×)
     16384      960.24      860.76    -11.6%  (4.0×)

  Strategy: NTK
   Context   Ponder ON  Ponder OFF   Benefit
  --------  ----------  ----------  --------
      5120       29.68       36.90     19.6%  (1.2×)
      6144       28.69       35.91     20.1%  (1.5×)
      8192       31.29       39.48     20.7%  (2.0×)
     12288       42.12       58.85     28.4%  (3.0×)
     16384       90.72      109.43     17.1%  (4.0×)

  Strategy: YaRN
   Context   Ponder ON  Ponder OFF   Benefit
  --------  ----------  ----------  --------
      5120       30.04       36.99     18.8%  (1.2×)
      6144       29.77       36.37     18.2%  (1.5×)
      8192       34.43       39.94     13.8%  (2.0×)
     12288       43.73       47.73      8.4%  (3.0×)
     16384       60.91       64.08      5.0%  (4.0×)

  If pondering benefit INCREASES with context length:
    → Iterative refinement is more valuable at longer context
    → Strong argument for CWT's adaptive compute at scale

  If pondering benefit DECREASES with context length:
    → Extrapolation hurts ponder dynamics more than base model
    → Ponder loop may be sensitive to position encoding distribution shift

Completed: 2026-04-16 23:15:47
Log saved to: logs/long_ctx_extrap_fixed.log
